

*******************************************************************************
Thu Mar 26 15:57:25 2020


FIT:    data read from file using 1:3
        format = x:z
        #datapoints = 5
        residuals are weighted equally (unit weight)

function used for fitting: fa(x)
	fa(x) = a0 - a1*x + a2/(x+a3)
fitted parameters initialized with current variable values

iter      chisq       delta/lim  lambda   a0            a1            a2            a3           
   0 1.3205149752e+03   0.00e+00  8.46e+00    1.000000e+00   1.000000e+00   1.000000e+00   1.000000e+00
 117 2.8760591736e-06  -6.40e-05  8.46e-05    1.458626e-01   5.226955e-04   2.197236e+00   1.031401e+01

After 117 iterations the fit converged.
final sum of squares of residuals : 2.87606e-06
rel. change during last iteration : -6.40302e-10

degrees of freedom    (FIT_NDF)                        : 1
rms of residuals      (FIT_STDFIT) = sqrt(WSSR/ndf)    : 0.00169589
variance of residuals (reduced chisquare) = WSSR/ndf   : 2.87606e-06

Final set of parameters            Asymptotic Standard Error
=======================            ==========================
a0              = 0.145863         +/- 0.03505      (24.03%)
a1              = 0.000522695      +/- 0.0006269    (119.9%)
a2              = 2.19724          +/- 0.8071       (36.73%)
a3              = 10.314           +/- 2.126        (20.62%)

correlation matrix of the fit parameters:
                a0     a1     a2     a3     
a0              1.000 
a1              0.992  1.000 
a2             -0.996 -0.977  1.000 
a3             -0.982 -0.955  0.995  1.000 


*******************************************************************************
Thu Mar 26 15:57:28 2020


FIT:    data read from file using 1:4
        format = x:z
        #datapoints = 5
        residuals are weighted equally (unit weight)

function used for fitting: fa(x)
	fa(x) = a0 - a1*x + a2/(x+a3)
fitted parameters initialized with current variable values

iter      chisq       delta/lim  lambda   a0            a1            a2            a3           
   0 1.7419287795e-02   0.00e+00  1.12e-01    1.458626e-01   5.226955e-04   2.197236e+00   1.031401e+01
  11 5.6420010530e-06  -9.92e-02  1.12e-07    2.443281e-01   1.798903e-03   2.080802e+00   1.312895e+01

After 11 iterations the fit converged.
final sum of squares of residuals : 5.642e-06
rel. change during last iteration : -9.91586e-07

degrees of freedom    (FIT_NDF)                        : 1
rms of residuals      (FIT_STDFIT) = sqrt(WSSR/ndf)    : 0.00237529
variance of residuals (reduced chisquare) = WSSR/ndf   : 5.642e-06

Final set of parameters            Asymptotic Standard Error
=======================            ==========================
a0              = 0.244328         +/- 0.06819      (27.91%)
a1              = 0.0017989        +/- 0.001093     (60.77%)
a2              = 2.0808           +/- 1.885        (90.61%)
a3              = 13.1289          +/- 6.34         (48.29%)

correlation matrix of the fit parameters:
                a0     a1     a2     a3     
a0              1.000 
a1              0.993  1.000 
a2             -0.997 -0.982  1.000 
a3             -0.986 -0.963  0.996  1.000 


*******************************************************************************
Thu Mar 26 15:57:28 2020


FIT:    data read from file using 1:5
        format = x:z
        #datapoints = 5
        residuals are weighted equally (unit weight)

function used for fitting: fa(x)
	fa(x) = a0 - a1*x + a2/(x+a3)
fitted parameters initialized with current variable values

iter      chisq       delta/lim  lambda   a0            a1            a2            a3           
   0 1.0037062818e-01   0.00e+00  1.40e-01    2.443281e-01   1.798903e-03   2.080802e+00   1.312895e+01
   6 4.1960723490e-07  -2.13e-03  1.40e-07    1.218302e-01   1.459840e-03   1.321430e+00   1.023327e+01

After 6 iterations the fit converged.
final sum of squares of residuals : 4.19607e-07
rel. change during last iteration : -2.13475e-08

degrees of freedom    (FIT_NDF)                        : 1
rms of residuals      (FIT_STDFIT) = sqrt(WSSR/ndf)    : 0.000647771
variance of residuals (reduced chisquare) = WSSR/ndf   : 4.19607e-07

Final set of parameters            Asymptotic Standard Error
=======================            ==========================
a0              = 0.12183          +/- 0.01325      (10.88%)
a1              = 0.00145984       +/- 0.0002379    (16.29%)
a2              = 1.32143          +/- 0.3034       (22.96%)
a3              = 10.2333          +/- 1.321        (12.91%)

correlation matrix of the fit parameters:
                a0     a1     a2     a3     
a0              1.000 
a1              0.992  1.000 
a2             -0.996 -0.977  1.000 
a3             -0.982 -0.955  0.995  1.000 


*******************************************************************************
Thu Mar 26 15:57:28 2020


FIT:    data read from file using 1:6
        format = x:z
        #datapoints = 5
        residuals are weighted equally (unit weight)

function used for fitting: fa(x)
	fa(x) = a0 - a1*x + a2/(x+a3)
fitted parameters initialized with current variable values

iter      chisq       delta/lim  lambda   a0            a1            a2            a3           
   0 4.7527321877e-02   0.00e+00  8.07e-02    1.218302e-01   1.459840e-03   1.321430e+00   1.023327e+01
 117 1.2439867629e-06  -2.05e-01  8.07e-08    6.479472e-02  -2.949607e-05   5.351244e+00   1.687556e+01

After 117 iterations the fit converged.
final sum of squares of residuals : 1.24399e-06
rel. change during last iteration : -2.05363e-06

degrees of freedom    (FIT_NDF)                        : 1
rms of residuals      (FIT_STDFIT) = sqrt(WSSR/ndf)    : 0.00111534
variance of residuals (reduced chisquare) = WSSR/ndf   : 1.24399e-06

Final set of parameters            Asymptotic Standard Error
=======================            ==========================
a0              = 0.0647947        +/- 0.04698      (72.51%)
a1              = -2.94961e-05     +/- 0.0006637    (2250%)
a2              = 5.35124          +/- 1.583        (29.58%)
a3              = 16.8756          +/- 2.523        (14.95%)

correlation matrix of the fit parameters:
                a0     a1     a2     a3     
a0              1.000 
a1              0.994  1.000 
a2             -0.998 -0.986  1.000 
a3             -0.989 -0.970  0.997  1.000 


*******************************************************************************
Thu Mar 26 15:57:29 2020


FIT:    data read from file using 1:7
        format = x:z
        #datapoints = 5
        residuals are weighted equally (unit weight)

function used for fitting: fa(x)
	fa(x) = a0 + a1*x + a2*x**2 + a3*x**3 + a4*x**4
fitted parameters initialized with current variable values

iter      chisq       delta/lim  lambda   a0            a1            a2            a3            a4           
   0 4.1748724034e+03   0.00e+00  2.33e+01    6.479472e-02   8.320000e-01   3.890000e-02  -2.670000e-03   8.899900e-05
   9 4.9303806576e-32   0.00e+00  2.33e-01    8.320000e-01   3.890000e-02  -2.673333e-03   8.900000e-05  -1.266667e-06

After 9 iterations the fit converged.
final sum of squares of residuals : 4.93038e-32
abs. change during last iteration : 0


Exactly as many data points as there are parameters.
In this degenerate case, all errors are zero by definition.

Final set of parameters 
======================= 

a0              = 0.832          
a1              = 0.0389         
a2              = -0.00267333    
a3              = 8.9e-05        
a4              = -1.26667e-06   


*******************************************************************************
Thu Mar 26 15:57:29 2020


FIT:    data read from file using 2:8
        format = x:z
        #datapoints = 5
        residuals are weighted equally (unit weight)

function used for fitting: fa(x)
	fa(x) = a0 + a1*x + a2*x**2 + a3*x**3
fitted parameters initialized with current variable values

iter      chisq       delta/lim  lambda   a0            a1            a2            a3           
   0 1.3259478777e+01   0.00e+00  2.09e+00    8.320000e-01   3.890000e-02  -2.673333e-03   8.900000e-05
   7 1.5755572534e-05  -7.13e-04  2.09e-07    1.608917e+00  -1.359498e-01   5.462072e-03  -6.748993e-05

After 7 iterations the fit converged.
final sum of squares of residuals : 1.57556e-05
rel. change during last iteration : -7.12793e-09

degrees of freedom    (FIT_NDF)                        : 1
rms of residuals      (FIT_STDFIT) = sqrt(WSSR/ndf)    : 0.00396933
variance of residuals (reduced chisquare) = WSSR/ndf   : 1.57556e-05

Final set of parameters            Asymptotic Standard Error
=======================            ==========================
a0              = 1.60892          +/- 2.072        (128.8%)
a1              = -0.13595         +/- 0.2006       (147.6%)
a2              = 0.00546207       +/- 0.006422     (117.6%)
a3              = -6.74899e-05     +/- 6.798e-05    (100.7%)

correlation matrix of the fit parameters:
                a0     a1     a2     a3     
a0              1.000 
a1             -1.000  1.000 
a2              0.999 -1.000  1.000 
a3             -0.998  0.999 -1.000  1.000 


*******************************************************************************
Thu Mar 26 15:57:30 2020


FIT:    data read from file using 1:9
        format = x:z
        #datapoints = 5
        residuals are weighted equally (unit weight)

function used for fitting: fa(x)
	fa(x) = a0 + a1*x + a2*x**2 + a3*x**3
fitted parameters initialized with current variable values

iter      chisq       delta/lim  lambda   a0            a1            a2            a3           
   0 2.7188455998e+01   0.00e+00  1.90e+00    1.608917e+00  -1.359498e-01   5.462072e-03  -6.748993e-05
   5 3.0075187970e-04  -2.68e-03  1.90e-05    3.103759e+00   2.494987e-02  -1.823308e-03   4.035088e-05

After 5 iterations the fit converged.
final sum of squares of residuals : 0.000300752
rel. change during last iteration : -2.68489e-08

degrees of freedom    (FIT_NDF)                        : 1
rms of residuals      (FIT_STDFIT) = sqrt(WSSR/ndf)    : 0.0173422
variance of residuals (reduced chisquare) = WSSR/ndf   : 0.000300752

Final set of parameters            Asymptotic Standard Error
=======================            ==========================
a0              = 3.10376          +/- 0.01693      (0.5455%)
a1              = 0.0249499        +/- 0.005788     (23.2%)
a2              = -0.00182331      +/- 0.0004913    (26.94%)
a3              = 4.03509e-05      +/- 1.086e-05    (26.9%)

correlation matrix of the fit parameters:
                a0     a1     a2     a3     
a0              1.000 
a1             -0.689  1.000 
a2              0.508 -0.949  1.000 
a3             -0.416  0.883 -0.984  1.000 


*******************************************************************************
Thu Mar 26 15:57:30 2020


FIT:    data read from file using 1:10
        format = x:z
        #datapoints = 5
        residuals are weighted equally (unit weight)

function used for fitting: fa(x)
	fa(x) = a0 + a1*x + a2*x**2 + a3*x**3
fitted parameters initialized with current variable values

iter      chisq       delta/lim  lambda   a0            a1            a2            a3           
   0 1.8692481203e+00   0.00e+00  1.64e+00    3.103759e+00   2.494987e-02  -1.823308e-03   4.035088e-05
   6 1.6917293233e-04   0.00e+00  1.64e+02    2.797180e+00  -1.079574e-02   3.242481e-03  -1.219298e-04

After 6 iterations the fit converged.
final sum of squares of residuals : 0.000169173
rel. change during last iteration : 0

degrees of freedom    (FIT_NDF)                        : 1
rms of residuals      (FIT_STDFIT) = sqrt(WSSR/ndf)    : 0.0130066
variance of residuals (reduced chisquare) = WSSR/ndf   : 0.000169173

Final set of parameters            Asymptotic Standard Error
=======================            ==========================
a0              = 2.79718          +/- 0.0127       (0.4539%)
a1              = -0.0107957       +/- 0.004341     (40.21%)
a2              = 0.00324248       +/- 0.0003684    (11.36%)
a3              = -0.00012193      +/- 8.142e-06    (6.677%)

correlation matrix of the fit parameters:
                a0     a1     a2     a3     
a0              1.000 
a1             -0.689  1.000 
a2              0.508 -0.949  1.000 
a3             -0.416  0.883 -0.984  1.000 


*******************************************************************************
Thu Mar 26 15:57:31 2020


FIT:    data read from file using 1:11
        format = x:z
        #datapoints = 5
        residuals are weighted equally (unit weight)

function used for fitting: fa(x)
	fa(x) = a0 - a1*x + a2/(x+a3)
fitted parameters initialized with current variable values

iter      chisq       delta/lim  lambda   a0            a1            a2            a3           
   0 5.0400296398e+04   0.00e+00  8.52e+00    2.797180e+00  -1.079574e-02   3.242481e-03  -1.219298e-04
 234 1.0868636246e-01  -4.21e-04  8.52e-07    7.737037e+01   4.892819e-01   6.234508e+02   1.632097e+01

After 234 iterations the fit converged.
final sum of squares of residuals : 0.108686
rel. change during last iteration : -4.21304e-09

degrees of freedom    (FIT_NDF)                        : 1
rms of residuals      (FIT_STDFIT) = sqrt(WSSR/ndf)    : 0.329676
variance of residuals (reduced chisquare) = WSSR/ndf   : 0.108686

Final set of parameters            Asymptotic Standard Error
=======================            ==========================
a0              = 77.3704          +/- 13.16        (17.01%)
a1              = 0.489282         +/- 0.1893       (38.68%)
a2              = 623.451          +/- 431.8        (69.26%)
a3              = 16.321           +/- 5.753        (35.25%)

correlation matrix of the fit parameters:
                a0     a1     a2     a3     
a0              1.000 
a1              0.994  1.000 
a2             -0.998 -0.985  1.000 
a3             -0.989 -0.969  0.997  1.000 


*******************************************************************************
Thu Mar 26 15:57:31 2020


FIT:    data read from file using 1:12
        format = x:z
        #datapoints = 5
        residuals are weighted equally (unit weight)

function used for fitting: fa(x)
	fa(x) = a0 - a1*x + a2/(x+a3)
fitted parameters initialized with current variable values

iter      chisq       delta/lim  lambda   a0            a1            a2            a3           
   0 2.6752709952e+04   0.00e+00  4.24e+01    7.737037e+01   4.892819e-01   6.234508e+02   1.632097e+01
 472 2.5243548967e-29   0.00e+00  4.24e-09    2.231250e+01  -3.750000e-01  -3.609375e+01   7.500000e+00

After 472 iterations the fit converged.
final sum of squares of residuals : 2.52435e-29
rel. change during last iteration : 0

degrees of freedom    (FIT_NDF)                        : 1
rms of residuals      (FIT_STDFIT) = sqrt(WSSR/ndf)    : 5.0243e-15
variance of residuals (reduced chisquare) = WSSR/ndf   : 2.52435e-29

Final set of parameters            Asymptotic Standard Error
=======================            ==========================
a0              = 22.3125          +/- 7.132e-14    (3.196e-13%)
a1              = -0.375           +/- 1.448e-15    (3.861e-13%)
a2              = -36.0937         +/- 1.306e-12    (3.618e-12%)
a3              = 7.5              +/- 1.631e-13    (2.174e-12%)

correlation matrix of the fit parameters:
                a0     a1     a2     a3     
a0              1.000 
a1              0.989  1.000 
a2             -0.994 -0.970  1.000 
a3              0.978  0.945 -0.995  1.000 


*******************************************************************************
Thu Mar 26 15:57:39 2020


FIT:    data read from file using 1:3
        format = x:z
        #datapoints = 5
        residuals are weighted equally (unit weight)

function used for fitting: fa(x)
	fa(x) = a0 - a1*x + a2/(x+a3)
fitted parameters initialized with current variable values

iter      chisq       delta/lim  lambda   a0            a1            a2            a3           
   0 1.3205149752e+03   0.00e+00  8.46e+00    1.000000e+00   1.000000e+00   1.000000e+00   1.000000e+00
 117 2.8760591736e-06  -6.40e-05  8.46e-05    1.458626e-01   5.226955e-04   2.197236e+00   1.031401e+01

After 117 iterations the fit converged.
final sum of squares of residuals : 2.87606e-06
rel. change during last iteration : -6.40302e-10

degrees of freedom    (FIT_NDF)                        : 1
rms of residuals      (FIT_STDFIT) = sqrt(WSSR/ndf)    : 0.00169589
variance of residuals (reduced chisquare) = WSSR/ndf   : 2.87606e-06

Final set of parameters            Asymptotic Standard Error
=======================            ==========================
a0              = 0.145863         +/- 0.03505      (24.03%)
a1              = 0.000522695      +/- 0.0006269    (119.9%)
a2              = 2.19724          +/- 0.8071       (36.73%)
a3              = 10.314           +/- 2.126        (20.62%)

correlation matrix of the fit parameters:
                a0     a1     a2     a3     
a0              1.000 
a1              0.992  1.000 
a2             -0.996 -0.977  1.000 
a3             -0.982 -0.955  0.995  1.000 


*******************************************************************************
Thu Mar 26 15:57:40 2020


FIT:    data read from file using 1:4
        format = x:z
        #datapoints = 5
        residuals are weighted equally (unit weight)

function used for fitting: fa(x)
	fa(x) = a0 - a1*x + a2/(x+a3)
fitted parameters initialized with current variable values

iter      chisq       delta/lim  lambda   a0            a1            a2            a3           
   0 1.7419287795e-02   0.00e+00  1.12e-01    1.458626e-01   5.226955e-04   2.197236e+00   1.031401e+01
  11 5.6420010530e-06  -9.92e-02  1.12e-07    2.443281e-01   1.798903e-03   2.080802e+00   1.312895e+01

After 11 iterations the fit converged.
final sum of squares of residuals : 5.642e-06
rel. change during last iteration : -9.91586e-07

degrees of freedom    (FIT_NDF)                        : 1
rms of residuals      (FIT_STDFIT) = sqrt(WSSR/ndf)    : 0.00237529
variance of residuals (reduced chisquare) = WSSR/ndf   : 5.642e-06

Final set of parameters            Asymptotic Standard Error
=======================            ==========================
a0              = 0.244328         +/- 0.06819      (27.91%)
a1              = 0.0017989        +/- 0.001093     (60.77%)
a2              = 2.0808           +/- 1.885        (90.61%)
a3              = 13.1289          +/- 6.34         (48.29%)

correlation matrix of the fit parameters:
                a0     a1     a2     a3     
a0              1.000 
a1              0.993  1.000 
a2             -0.997 -0.982  1.000 
a3             -0.986 -0.963  0.996  1.000 


*******************************************************************************
Thu Mar 26 15:57:40 2020


FIT:    data read from file using 1:5
        format = x:z
        #datapoints = 5
        residuals are weighted equally (unit weight)

function used for fitting: fa(x)
	fa(x) = a0 - a1*x + a2/(x+a3)
fitted parameters initialized with current variable values

iter      chisq       delta/lim  lambda   a0            a1            a2            a3           
   0 1.0037062818e-01   0.00e+00  1.40e-01    2.443281e-01   1.798903e-03   2.080802e+00   1.312895e+01
   6 4.1960723490e-07  -2.13e-03  1.40e-07    1.218302e-01   1.459840e-03   1.321430e+00   1.023327e+01

After 6 iterations the fit converged.
final sum of squares of residuals : 4.19607e-07
rel. change during last iteration : -2.13475e-08

degrees of freedom    (FIT_NDF)                        : 1
rms of residuals      (FIT_STDFIT) = sqrt(WSSR/ndf)    : 0.000647771
variance of residuals (reduced chisquare) = WSSR/ndf   : 4.19607e-07

Final set of parameters            Asymptotic Standard Error
=======================            ==========================
a0              = 0.12183          +/- 0.01325      (10.88%)
a1              = 0.00145984       +/- 0.0002379    (16.29%)
a2              = 1.32143          +/- 0.3034       (22.96%)
a3              = 10.2333          +/- 1.321        (12.91%)

correlation matrix of the fit parameters:
                a0     a1     a2     a3     
a0              1.000 
a1              0.992  1.000 
a2             -0.996 -0.977  1.000 
a3             -0.982 -0.955  0.995  1.000 


*******************************************************************************
Thu Mar 26 15:57:40 2020


FIT:    data read from file using 1:6
        format = x:z
        #datapoints = 5
        residuals are weighted equally (unit weight)

function used for fitting: fa(x)
	fa(x) = a0 - a1*x + a2/(x+a3)
fitted parameters initialized with current variable values

iter      chisq       delta/lim  lambda   a0            a1            a2            a3           
   0 4.7527321877e-02   0.00e+00  8.07e-02    1.218302e-01   1.459840e-03   1.321430e+00   1.023327e+01
 117 1.2439867629e-06  -2.05e-01  8.07e-08    6.479472e-02  -2.949607e-05   5.351244e+00   1.687556e+01

After 117 iterations the fit converged.
final sum of squares of residuals : 1.24399e-06
rel. change during last iteration : -2.05363e-06

degrees of freedom    (FIT_NDF)                        : 1
rms of residuals      (FIT_STDFIT) = sqrt(WSSR/ndf)    : 0.00111534
variance of residuals (reduced chisquare) = WSSR/ndf   : 1.24399e-06

Final set of parameters            Asymptotic Standard Error
=======================            ==========================
a0              = 0.0647947        +/- 0.04698      (72.51%)
a1              = -2.94961e-05     +/- 0.0006637    (2250%)
a2              = 5.35124          +/- 1.583        (29.58%)
a3              = 16.8756          +/- 2.523        (14.95%)

correlation matrix of the fit parameters:
                a0     a1     a2     a3     
a0              1.000 
a1              0.994  1.000 
a2             -0.998 -0.986  1.000 
a3             -0.989 -0.970  0.997  1.000 


*******************************************************************************
Thu Mar 26 15:57:41 2020


FIT:    data read from file using 1:7
        format = x:z
        #datapoints = 5
        residuals are weighted equally (unit weight)

function used for fitting: fa(x)
	fa(x) = a0 + a1*x + a2*x**2 + a3*x**3 + a4*x**4
fitted parameters initialized with current variable values

iter      chisq       delta/lim  lambda   a0            a1            a2            a3            a4           
   0 4.1748724034e+03   0.00e+00  2.33e+01    6.479472e-02   8.320000e-01   3.890000e-02  -2.670000e-03   8.899900e-05
   9 4.9303806576e-32   0.00e+00  2.33e-01    8.320000e-01   3.890000e-02  -2.673333e-03   8.900000e-05  -1.266667e-06

After 9 iterations the fit converged.
final sum of squares of residuals : 4.93038e-32
abs. change during last iteration : 0


Exactly as many data points as there are parameters.
In this degenerate case, all errors are zero by definition.

Final set of parameters 
======================= 

a0              = 0.832          
a1              = 0.0389         
a2              = -0.00267333    
a3              = 8.9e-05        
a4              = -1.26667e-06   


*******************************************************************************
Thu Mar 26 15:57:42 2020


FIT:    data read from file using 2:8
        format = x:z
        #datapoints = 5
        residuals are weighted equally (unit weight)

function used for fitting: fa(x)
	fa(x) = a0 + a1*x + a2*x**2 + a3*x**3
fitted parameters initialized with current variable values

iter      chisq       delta/lim  lambda   a0            a1            a2            a3           
   0 1.3259478777e+01   0.00e+00  2.09e+00    8.320000e-01   3.890000e-02  -2.673333e-03   8.900000e-05
   7 1.5755572534e-05  -7.13e-04  2.09e-07    1.608917e+00  -1.359498e-01   5.462072e-03  -6.748993e-05

After 7 iterations the fit converged.
final sum of squares of residuals : 1.57556e-05
rel. change during last iteration : -7.12793e-09

degrees of freedom    (FIT_NDF)                        : 1
rms of residuals      (FIT_STDFIT) = sqrt(WSSR/ndf)    : 0.00396933
variance of residuals (reduced chisquare) = WSSR/ndf   : 1.57556e-05

Final set of parameters            Asymptotic Standard Error
=======================            ==========================
a0              = 1.60892          +/- 2.072        (128.8%)
a1              = -0.13595         +/- 0.2006       (147.6%)
a2              = 0.00546207       +/- 0.006422     (117.6%)
a3              = -6.74899e-05     +/- 6.798e-05    (100.7%)

correlation matrix of the fit parameters:
                a0     a1     a2     a3     
a0              1.000 
a1             -1.000  1.000 
a2              0.999 -1.000  1.000 
a3             -0.998  0.999 -1.000  1.000 


*******************************************************************************
Thu Mar 26 15:57:42 2020


FIT:    data read from file using 1:9
        format = x:z
        #datapoints = 5
        residuals are weighted equally (unit weight)

function used for fitting: fa(x)
	fa(x) = a0 + a1*x + a2*x**2 + a3*x**3
fitted parameters initialized with current variable values

iter      chisq       delta/lim  lambda   a0            a1            a2            a3           
   0 2.7188455998e+01   0.00e+00  1.90e+00    1.608917e+00  -1.359498e-01   5.462072e-03  -6.748993e-05
   5 3.0075187970e-04  -2.68e-03  1.90e-05    3.103759e+00   2.494987e-02  -1.823308e-03   4.035088e-05

After 5 iterations the fit converged.
final sum of squares of residuals : 0.000300752
rel. change during last iteration : -2.68489e-08

degrees of freedom    (FIT_NDF)                        : 1
rms of residuals      (FIT_STDFIT) = sqrt(WSSR/ndf)    : 0.0173422
variance of residuals (reduced chisquare) = WSSR/ndf   : 0.000300752

Final set of parameters            Asymptotic Standard Error
=======================            ==========================
a0              = 3.10376          +/- 0.01693      (0.5455%)
a1              = 0.0249499        +/- 0.005788     (23.2%)
a2              = -0.00182331      +/- 0.0004913    (26.94%)
a3              = 4.03509e-05      +/- 1.086e-05    (26.9%)

correlation matrix of the fit parameters:
                a0     a1     a2     a3     
a0              1.000 
a1             -0.689  1.000 
a2              0.508 -0.949  1.000 
a3             -0.416  0.883 -0.984  1.000 


*******************************************************************************
Thu Mar 26 15:57:42 2020


FIT:    data read from file using 1:10
        format = x:z
        #datapoints = 5
        residuals are weighted equally (unit weight)

function used for fitting: fa(x)
	fa(x) = a0 + a1*x + a2*x**2 + a3*x**3
fitted parameters initialized with current variable values

iter      chisq       delta/lim  lambda   a0            a1            a2            a3           
   0 1.8692481203e+00   0.00e+00  1.64e+00    3.103759e+00   2.494987e-02  -1.823308e-03   4.035088e-05
   6 1.6917293233e-04   0.00e+00  1.64e+02    2.797180e+00  -1.079574e-02   3.242481e-03  -1.219298e-04

After 6 iterations the fit converged.
final sum of squares of residuals : 0.000169173
rel. change during last iteration : 0

degrees of freedom    (FIT_NDF)                        : 1
rms of residuals      (FIT_STDFIT) = sqrt(WSSR/ndf)    : 0.0130066
variance of residuals (reduced chisquare) = WSSR/ndf   : 0.000169173

Final set of parameters            Asymptotic Standard Error
=======================            ==========================
a0              = 2.79718          +/- 0.0127       (0.4539%)
a1              = -0.0107957       +/- 0.004341     (40.21%)
a2              = 0.00324248       +/- 0.0003684    (11.36%)
a3              = -0.00012193      +/- 8.142e-06    (6.677%)

correlation matrix of the fit parameters:
                a0     a1     a2     a3     
a0              1.000 
a1             -0.689  1.000 
a2              0.508 -0.949  1.000 
a3             -0.416  0.883 -0.984  1.000 


*******************************************************************************
Thu Mar 26 15:57:43 2020


FIT:    data read from file using 1:11
        format = x:z
        #datapoints = 5
        residuals are weighted equally (unit weight)

function used for fitting: fa(x)
	fa(x) = a0 - a1*x + a2/(x+a3)
fitted parameters initialized with current variable values

iter      chisq       delta/lim  lambda   a0            a1            a2            a3           
   0 5.0400296398e+04   0.00e+00  8.52e+00    2.797180e+00  -1.079574e-02   3.242481e-03  -1.219298e-04
 234 1.0868636246e-01  -4.21e-04  8.52e-07    7.737037e+01   4.892819e-01   6.234508e+02   1.632097e+01

After 234 iterations the fit converged.
final sum of squares of residuals : 0.108686
rel. change during last iteration : -4.21304e-09

degrees of freedom    (FIT_NDF)                        : 1
rms of residuals      (FIT_STDFIT) = sqrt(WSSR/ndf)    : 0.329676
variance of residuals (reduced chisquare) = WSSR/ndf   : 0.108686

Final set of parameters            Asymptotic Standard Error
=======================            ==========================
a0              = 77.3704          +/- 13.16        (17.01%)
a1              = 0.489282         +/- 0.1893       (38.68%)
a2              = 623.451          +/- 431.8        (69.26%)
a3              = 16.321           +/- 5.753        (35.25%)

correlation matrix of the fit parameters:
                a0     a1     a2     a3     
a0              1.000 
a1              0.994  1.000 
a2             -0.998 -0.985  1.000 
a3             -0.989 -0.969  0.997  1.000 


*******************************************************************************
Thu Mar 26 15:57:43 2020


FIT:    data read from file using 1:12
        format = x:z
        #datapoints = 5
        residuals are weighted equally (unit weight)

function used for fitting: fa(x)
	fa(x) = a0 - a1*x + a2/(x+a3)
fitted parameters initialized with current variable values

iter      chisq       delta/lim  lambda   a0            a1            a2            a3           
   0 2.6752709952e+04   0.00e+00  4.24e+01    7.737037e+01   4.892819e-01   6.234508e+02   1.632097e+01
 472 2.5243548967e-29   0.00e+00  4.24e-09    2.231250e+01  -3.750000e-01  -3.609375e+01   7.500000e+00

After 472 iterations the fit converged.
final sum of squares of residuals : 2.52435e-29
rel. change during last iteration : 0

degrees of freedom    (FIT_NDF)                        : 1
rms of residuals      (FIT_STDFIT) = sqrt(WSSR/ndf)    : 5.0243e-15
variance of residuals (reduced chisquare) = WSSR/ndf   : 2.52435e-29

Final set of parameters            Asymptotic Standard Error
=======================            ==========================
a0              = 22.3125          +/- 7.132e-14    (3.196e-13%)
a1              = -0.375           +/- 1.448e-15    (3.861e-13%)
a2              = -36.0937         +/- 1.306e-12    (3.618e-12%)
a3              = 7.5              +/- 1.631e-13    (2.174e-12%)

correlation matrix of the fit parameters:
                a0     a1     a2     a3     
a0              1.000 
a1              0.989  1.000 
a2             -0.994 -0.970  1.000 
a3              0.978  0.945 -0.995  1.000 


*******************************************************************************
Thu Mar 26 15:57:45 2020


FIT:    data read from file using 1:3
        format = x:z
        #datapoints = 5
        residuals are weighted equally (unit weight)

function used for fitting: fa(x)
	fa(x) = a0 - a1*x + a2/(x+a3)
fitted parameters initialized with current variable values

iter      chisq       delta/lim  lambda   a0            a1            a2            a3           
   0 1.3205149752e+03   0.00e+00  8.46e+00    1.000000e+00   1.000000e+00   1.000000e+00   1.000000e+00
 117 2.8760591736e-06  -6.40e-05  8.46e-05    1.458626e-01   5.226955e-04   2.197236e+00   1.031401e+01

After 117 iterations the fit converged.
final sum of squares of residuals : 2.87606e-06
rel. change during last iteration : -6.40302e-10

degrees of freedom    (FIT_NDF)                        : 1
rms of residuals      (FIT_STDFIT) = sqrt(WSSR/ndf)    : 0.00169589
variance of residuals (reduced chisquare) = WSSR/ndf   : 2.87606e-06

Final set of parameters            Asymptotic Standard Error
=======================            ==========================
a0              = 0.145863         +/- 0.03505      (24.03%)
a1              = 0.000522695      +/- 0.0006269    (119.9%)
a2              = 2.19724          +/- 0.8071       (36.73%)
a3              = 10.314           +/- 2.126        (20.62%)

correlation matrix of the fit parameters:
                a0     a1     a2     a3     
a0              1.000 
a1              0.992  1.000 
a2             -0.996 -0.977  1.000 
a3             -0.982 -0.955  0.995  1.000 


*******************************************************************************
Thu Mar 26 15:57:46 2020


FIT:    data read from file using 1:4
        format = x:z
        #datapoints = 5
        residuals are weighted equally (unit weight)

function used for fitting: fa(x)
	fa(x) = a0 - a1*x + a2/(x+a3)
fitted parameters initialized with current variable values

iter      chisq       delta/lim  lambda   a0            a1            a2            a3           
   0 1.7419287795e-02   0.00e+00  1.12e-01    1.458626e-01   5.226955e-04   2.197236e+00   1.031401e+01
  11 5.6420010530e-06  -9.92e-02  1.12e-07    2.443281e-01   1.798903e-03   2.080802e+00   1.312895e+01

After 11 iterations the fit converged.
final sum of squares of residuals : 5.642e-06
rel. change during last iteration : -9.91586e-07

degrees of freedom    (FIT_NDF)                        : 1
rms of residuals      (FIT_STDFIT) = sqrt(WSSR/ndf)    : 0.00237529
variance of residuals (reduced chisquare) = WSSR/ndf   : 5.642e-06

Final set of parameters            Asymptotic Standard Error
=======================            ==========================
a0              = 0.244328         +/- 0.06819      (27.91%)
a1              = 0.0017989        +/- 0.001093     (60.77%)
a2              = 2.0808           +/- 1.885        (90.61%)
a3              = 13.1289          +/- 6.34         (48.29%)

correlation matrix of the fit parameters:
                a0     a1     a2     a3     
a0              1.000 
a1              0.993  1.000 
a2             -0.997 -0.982  1.000 
a3             -0.986 -0.963  0.996  1.000 


*******************************************************************************
Thu Mar 26 15:57:46 2020


FIT:    data read from file using 1:5
        format = x:z
        #datapoints = 5
        residuals are weighted equally (unit weight)

function used for fitting: fa(x)
	fa(x) = a0 - a1*x + a2/(x+a3)
fitted parameters initialized with current variable values

iter      chisq       delta/lim  lambda   a0            a1            a2            a3           
   0 1.0037062818e-01   0.00e+00  1.40e-01    2.443281e-01   1.798903e-03   2.080802e+00   1.312895e+01
   6 4.1960723490e-07  -2.13e-03  1.40e-07    1.218302e-01   1.459840e-03   1.321430e+00   1.023327e+01

After 6 iterations the fit converged.
final sum of squares of residuals : 4.19607e-07
rel. change during last iteration : -2.13475e-08

degrees of freedom    (FIT_NDF)                        : 1
rms of residuals      (FIT_STDFIT) = sqrt(WSSR/ndf)    : 0.000647771
variance of residuals (reduced chisquare) = WSSR/ndf   : 4.19607e-07

Final set of parameters            Asymptotic Standard Error
=======================            ==========================
a0              = 0.12183          +/- 0.01325      (10.88%)
a1              = 0.00145984       +/- 0.0002379    (16.29%)
a2              = 1.32143          +/- 0.3034       (22.96%)
a3              = 10.2333          +/- 1.321        (12.91%)

correlation matrix of the fit parameters:
                a0     a1     a2     a3     
a0              1.000 
a1              0.992  1.000 
a2             -0.996 -0.977  1.000 
a3             -0.982 -0.955  0.995  1.000 


*******************************************************************************
Thu Mar 26 15:57:46 2020


FIT:    data read from file using 1:6
        format = x:z
        #datapoints = 5
        residuals are weighted equally (unit weight)

function used for fitting: fa(x)
	fa(x) = a0 - a1*x + a2/(x+a3)
fitted parameters initialized with current variable values

iter      chisq       delta/lim  lambda   a0            a1            a2            a3           
   0 4.7527321877e-02   0.00e+00  8.07e-02    1.218302e-01   1.459840e-03   1.321430e+00   1.023327e+01
 117 1.2439867629e-06  -2.05e-01  8.07e-08    6.479472e-02  -2.949607e-05   5.351244e+00   1.687556e+01

After 117 iterations the fit converged.
final sum of squares of residuals : 1.24399e-06
rel. change during last iteration : -2.05363e-06

degrees of freedom    (FIT_NDF)                        : 1
rms of residuals      (FIT_STDFIT) = sqrt(WSSR/ndf)    : 0.00111534
variance of residuals (reduced chisquare) = WSSR/ndf   : 1.24399e-06

Final set of parameters            Asymptotic Standard Error
=======================            ==========================
a0              = 0.0647947        +/- 0.04698      (72.51%)
a1              = -2.94961e-05     +/- 0.0006637    (2250%)
a2              = 5.35124          +/- 1.583        (29.58%)
a3              = 16.8756          +/- 2.523        (14.95%)

correlation matrix of the fit parameters:
                a0     a1     a2     a3     
a0              1.000 
a1              0.994  1.000 
a2             -0.998 -0.986  1.000 
a3             -0.989 -0.970  0.997  1.000 


*******************************************************************************
Thu Mar 26 15:57:46 2020


FIT:    data read from file using 1:7
        format = x:z
        #datapoints = 5
        residuals are weighted equally (unit weight)

function used for fitting: fa(x)
	fa(x) = a0 + a1*x + a2*x**2 + a3*x**3 + a4*x**4
fitted parameters initialized with current variable values

iter      chisq       delta/lim  lambda   a0            a1            a2            a3            a4           
   0 4.1748724034e+03   0.00e+00  2.33e+01    6.479472e-02   8.320000e-01   3.890000e-02  -2.670000e-03   8.899900e-05
   9 4.9303806576e-32   0.00e+00  2.33e-01    8.320000e-01   3.890000e-02  -2.673333e-03   8.900000e-05  -1.266667e-06

After 9 iterations the fit converged.
final sum of squares of residuals : 4.93038e-32
abs. change during last iteration : 0


Exactly as many data points as there are parameters.
In this degenerate case, all errors are zero by definition.

Final set of parameters 
======================= 

a0              = 0.832          
a1              = 0.0389         
a2              = -0.00267333    
a3              = 8.9e-05        
a4              = -1.26667e-06   


*******************************************************************************
Thu Mar 26 15:57:47 2020


FIT:    data read from file using 2:8
        format = x:z
        #datapoints = 5
        residuals are weighted equally (unit weight)

function used for fitting: fa(x)
	fa(x) = a0 + a1*x + a2*x**2 + a3*x**3
fitted parameters initialized with current variable values

iter      chisq       delta/lim  lambda   a0            a1            a2            a3           
   0 1.3259478777e+01   0.00e+00  2.09e+00    8.320000e-01   3.890000e-02  -2.673333e-03   8.900000e-05
   7 1.5755572534e-05  -7.13e-04  2.09e-07    1.608917e+00  -1.359498e-01   5.462072e-03  -6.748993e-05

After 7 iterations the fit converged.
final sum of squares of residuals : 1.57556e-05
rel. change during last iteration : -7.12793e-09

degrees of freedom    (FIT_NDF)                        : 1
rms of residuals      (FIT_STDFIT) = sqrt(WSSR/ndf)    : 0.00396933
variance of residuals (reduced chisquare) = WSSR/ndf   : 1.57556e-05

Final set of parameters            Asymptotic Standard Error
=======================            ==========================
a0              = 1.60892          +/- 2.072        (128.8%)
a1              = -0.13595         +/- 0.2006       (147.6%)
a2              = 0.00546207       +/- 0.006422     (117.6%)
a3              = -6.74899e-05     +/- 6.798e-05    (100.7%)

correlation matrix of the fit parameters:
                a0     a1     a2     a3     
a0              1.000 
a1             -1.000  1.000 
a2              0.999 -1.000  1.000 
a3             -0.998  0.999 -1.000  1.000 


*******************************************************************************
Thu Mar 26 15:57:47 2020


FIT:    data read from file using 1:9
        format = x:z
        #datapoints = 5
        residuals are weighted equally (unit weight)

function used for fitting: fa(x)
	fa(x) = a0 + a1*x + a2*x**2 + a3*x**3
fitted parameters initialized with current variable values

iter      chisq       delta/lim  lambda   a0            a1            a2            a3           
   0 2.7188455998e+01   0.00e+00  1.90e+00    1.608917e+00  -1.359498e-01   5.462072e-03  -6.748993e-05
   5 3.0075187970e-04  -2.68e-03  1.90e-05    3.103759e+00   2.494987e-02  -1.823308e-03   4.035088e-05

After 5 iterations the fit converged.
final sum of squares of residuals : 0.000300752
rel. change during last iteration : -2.68489e-08

degrees of freedom    (FIT_NDF)                        : 1
rms of residuals      (FIT_STDFIT) = sqrt(WSSR/ndf)    : 0.0173422
variance of residuals (reduced chisquare) = WSSR/ndf   : 0.000300752

Final set of parameters            Asymptotic Standard Error
=======================            ==========================
a0              = 3.10376          +/- 0.01693      (0.5455%)
a1              = 0.0249499        +/- 0.005788     (23.2%)
a2              = -0.00182331      +/- 0.0004913    (26.94%)
a3              = 4.03509e-05      +/- 1.086e-05    (26.9%)

correlation matrix of the fit parameters:
                a0     a1     a2     a3     
a0              1.000 
a1             -0.689  1.000 
a2              0.508 -0.949  1.000 
a3             -0.416  0.883 -0.984  1.000 


*******************************************************************************
Thu Mar 26 15:57:47 2020


FIT:    data read from file using 1:10
        format = x:z
        #datapoints = 5
        residuals are weighted equally (unit weight)

function used for fitting: fa(x)
	fa(x) = a0 + a1*x + a2*x**2 + a3*x**3
fitted parameters initialized with current variable values

iter      chisq       delta/lim  lambda   a0            a1            a2            a3           
   0 1.8692481203e+00   0.00e+00  1.64e+00    3.103759e+00   2.494987e-02  -1.823308e-03   4.035088e-05
   6 1.6917293233e-04   0.00e+00  1.64e+02    2.797180e+00  -1.079574e-02   3.242481e-03  -1.219298e-04

After 6 iterations the fit converged.
final sum of squares of residuals : 0.000169173
rel. change during last iteration : 0

degrees of freedom    (FIT_NDF)                        : 1
rms of residuals      (FIT_STDFIT) = sqrt(WSSR/ndf)    : 0.0130066
variance of residuals (reduced chisquare) = WSSR/ndf   : 0.000169173

Final set of parameters            Asymptotic Standard Error
=======================            ==========================
a0              = 2.79718          +/- 0.0127       (0.4539%)
a1              = -0.0107957       +/- 0.004341     (40.21%)
a2              = 0.00324248       +/- 0.0003684    (11.36%)
a3              = -0.00012193      +/- 8.142e-06    (6.677%)

correlation matrix of the fit parameters:
                a0     a1     a2     a3     
a0              1.000 
a1             -0.689  1.000 
a2              0.508 -0.949  1.000 
a3             -0.416  0.883 -0.984  1.000 


*******************************************************************************
Thu Mar 26 15:57:48 2020


FIT:    data read from file using 1:11
        format = x:z
        #datapoints = 5
        residuals are weighted equally (unit weight)

function used for fitting: fa(x)
	fa(x) = a0 - a1*x + a2/(x+a3)
fitted parameters initialized with current variable values

iter      chisq       delta/lim  lambda   a0            a1            a2            a3           
   0 5.0400296398e+04   0.00e+00  8.52e+00    2.797180e+00  -1.079574e-02   3.242481e-03  -1.219298e-04
 234 1.0868636246e-01  -4.21e-04  8.52e-07    7.737037e+01   4.892819e-01   6.234508e+02   1.632097e+01

After 234 iterations the fit converged.
final sum of squares of residuals : 0.108686
rel. change during last iteration : -4.21304e-09

degrees of freedom    (FIT_NDF)                        : 1
rms of residuals      (FIT_STDFIT) = sqrt(WSSR/ndf)    : 0.329676
variance of residuals (reduced chisquare) = WSSR/ndf   : 0.108686

Final set of parameters            Asymptotic Standard Error
=======================            ==========================
a0              = 77.3704          +/- 13.16        (17.01%)
a1              = 0.489282         +/- 0.1893       (38.68%)
a2              = 623.451          +/- 431.8        (69.26%)
a3              = 16.321           +/- 5.753        (35.25%)

correlation matrix of the fit parameters:
                a0     a1     a2     a3     
a0              1.000 
a1              0.994  1.000 
a2             -0.998 -0.985  1.000 
a3             -0.989 -0.969  0.997  1.000 


*******************************************************************************
Thu Mar 26 15:57:48 2020


FIT:    data read from file using 1:12
        format = x:z
        #datapoints = 5
        residuals are weighted equally (unit weight)

function used for fitting: fa(x)
	fa(x) = a0 - a1*x + a2/(x+a3)
fitted parameters initialized with current variable values

iter      chisq       delta/lim  lambda   a0            a1            a2            a3           
   0 2.6752709952e+04   0.00e+00  4.24e+01    7.737037e+01   4.892819e-01   6.234508e+02   1.632097e+01
 472 2.5243548967e-29   0.00e+00  4.24e-09    2.231250e+01  -3.750000e-01  -3.609375e+01   7.500000e+00

After 472 iterations the fit converged.
final sum of squares of residuals : 2.52435e-29
rel. change during last iteration : 0

degrees of freedom    (FIT_NDF)                        : 1
rms of residuals      (FIT_STDFIT) = sqrt(WSSR/ndf)    : 5.0243e-15
variance of residuals (reduced chisquare) = WSSR/ndf   : 2.52435e-29

Final set of parameters            Asymptotic Standard Error
=======================            ==========================
a0              = 22.3125          +/- 7.132e-14    (3.196e-13%)
a1              = -0.375           +/- 1.448e-15    (3.861e-13%)
a2              = -36.0937         +/- 1.306e-12    (3.618e-12%)
a3              = 7.5              +/- 1.631e-13    (2.174e-12%)

correlation matrix of the fit parameters:
                a0     a1     a2     a3     
a0              1.000 
a1              0.989  1.000 
a2             -0.994 -0.970  1.000 
a3              0.978  0.945 -0.995  1.000 


*******************************************************************************
Thu Mar 26 16:21:32 2020


FIT:    data read from file using 1:3
        format = x:z
        #datapoints = 5
        residuals are weighted equally (unit weight)

function used for fitting: fa(x)
	fa(x) = a0 - a1*x + a2/(x+a3)
fitted parameters initialized with current variable values

iter      chisq       delta/lim  lambda   a0            a1            a2            a3           
   0 1.3205149752e+03   0.00e+00  8.46e+00    1.000000e+00   1.000000e+00   1.000000e+00   1.000000e+00
 117 2.8760591736e-06  -6.40e-05  8.46e-05    1.458626e-01   5.226955e-04   2.197236e+00   1.031401e+01

After 117 iterations the fit converged.
final sum of squares of residuals : 2.87606e-06
rel. change during last iteration : -6.40302e-10

degrees of freedom    (FIT_NDF)                        : 1
rms of residuals      (FIT_STDFIT) = sqrt(WSSR/ndf)    : 0.00169589
variance of residuals (reduced chisquare) = WSSR/ndf   : 2.87606e-06

Final set of parameters            Asymptotic Standard Error
=======================            ==========================
a0              = 0.145863         +/- 0.03505      (24.03%)
a1              = 0.000522695      +/- 0.0006269    (119.9%)
a2              = 2.19724          +/- 0.8071       (36.73%)
a3              = 10.314           +/- 2.126        (20.62%)

correlation matrix of the fit parameters:
                a0     a1     a2     a3     
a0              1.000 
a1              0.992  1.000 
a2             -0.996 -0.977  1.000 
a3             -0.982 -0.955  0.995  1.000 


*******************************************************************************
Thu Mar 26 16:21:33 2020


FIT:    data read from file using 1:4
        format = x:z
        #datapoints = 5
        residuals are weighted equally (unit weight)

function used for fitting: fa(x)
	fa(x) = a0 - a1*x + a2/(x+a3)
fitted parameters initialized with current variable values

iter      chisq       delta/lim  lambda   a0            a1            a2            a3           
   0 1.7419287795e-02   0.00e+00  1.12e-01    1.458626e-01   5.226955e-04   2.197236e+00   1.031401e+01
  11 5.6420010530e-06  -9.92e-02  1.12e-07    2.443281e-01   1.798903e-03   2.080802e+00   1.312895e+01

After 11 iterations the fit converged.
final sum of squares of residuals : 5.642e-06
rel. change during last iteration : -9.91586e-07

degrees of freedom    (FIT_NDF)                        : 1
rms of residuals      (FIT_STDFIT) = sqrt(WSSR/ndf)    : 0.00237529
variance of residuals (reduced chisquare) = WSSR/ndf   : 5.642e-06

Final set of parameters            Asymptotic Standard Error
=======================            ==========================
a0              = 0.244328         +/- 0.06819      (27.91%)
a1              = 0.0017989        +/- 0.001093     (60.77%)
a2              = 2.0808           +/- 1.885        (90.61%)
a3              = 13.1289          +/- 6.34         (48.29%)

correlation matrix of the fit parameters:
                a0     a1     a2     a3     
a0              1.000 
a1              0.993  1.000 
a2             -0.997 -0.982  1.000 
a3             -0.986 -0.963  0.996  1.000 


*******************************************************************************
Thu Mar 26 16:21:33 2020


FIT:    data read from file using 1:5
        format = x:z
        #datapoints = 5
        residuals are weighted equally (unit weight)

function used for fitting: fa(x)
	fa(x) = a0 - a1*x + a2/(x+a3)
fitted parameters initialized with current variable values

iter      chisq       delta/lim  lambda   a0            a1            a2            a3           
   0 1.0037062818e-01   0.00e+00  1.40e-01    2.443281e-01   1.798903e-03   2.080802e+00   1.312895e+01
   6 4.1960723490e-07  -2.13e-03  1.40e-07    1.218302e-01   1.459840e-03   1.321430e+00   1.023327e+01

After 6 iterations the fit converged.
final sum of squares of residuals : 4.19607e-07
rel. change during last iteration : -2.13475e-08

degrees of freedom    (FIT_NDF)                        : 1
rms of residuals      (FIT_STDFIT) = sqrt(WSSR/ndf)    : 0.000647771
variance of residuals (reduced chisquare) = WSSR/ndf   : 4.19607e-07

Final set of parameters            Asymptotic Standard Error
=======================            ==========================
a0              = 0.12183          +/- 0.01325      (10.88%)
a1              = 0.00145984       +/- 0.0002379    (16.29%)
a2              = 1.32143          +/- 0.3034       (22.96%)
a3              = 10.2333          +/- 1.321        (12.91%)

correlation matrix of the fit parameters:
                a0     a1     a2     a3     
a0              1.000 
a1              0.992  1.000 
a2             -0.996 -0.977  1.000 
a3             -0.982 -0.955  0.995  1.000 


*******************************************************************************
Thu Mar 26 16:21:33 2020


FIT:    data read from file using 1:6
        format = x:z
        #datapoints = 5
        residuals are weighted equally (unit weight)

function used for fitting: fa(x)
	fa(x) = a0 - a1*x + a2/(x+a3)
fitted parameters initialized with current variable values

iter      chisq       delta/lim  lambda   a0            a1            a2            a3           
   0 4.7527321877e-02   0.00e+00  8.07e-02    1.218302e-01   1.459840e-03   1.321430e+00   1.023327e+01
 117 1.2439867629e-06  -2.05e-01  8.07e-08    6.479472e-02  -2.949607e-05   5.351244e+00   1.687556e+01

After 117 iterations the fit converged.
final sum of squares of residuals : 1.24399e-06
rel. change during last iteration : -2.05363e-06

degrees of freedom    (FIT_NDF)                        : 1
rms of residuals      (FIT_STDFIT) = sqrt(WSSR/ndf)    : 0.00111534
variance of residuals (reduced chisquare) = WSSR/ndf   : 1.24399e-06

Final set of parameters            Asymptotic Standard Error
=======================            ==========================
a0              = 0.0647947        +/- 0.04698      (72.51%)
a1              = -2.94961e-05     +/- 0.0006637    (2250%)
a2              = 5.35124          +/- 1.583        (29.58%)
a3              = 16.8756          +/- 2.523        (14.95%)

correlation matrix of the fit parameters:
                a0     a1     a2     a3     
a0              1.000 
a1              0.994  1.000 
a2             -0.998 -0.986  1.000 
a3             -0.989 -0.970  0.997  1.000 


*******************************************************************************
Thu Mar 26 16:21:34 2020


FIT:    data read from file using 1:7
        format = x:z
        #datapoints = 5
        residuals are weighted equally (unit weight)

function used for fitting: fa(x)
	fa(x) = a0 + a1*x + a2*x**2 + a3*x**3 + a4*x**4
fitted parameters initialized with current variable values

iter      chisq       delta/lim  lambda   a0            a1            a2            a3            a4           
   0 4.1748724034e+03   0.00e+00  2.33e+01    6.479472e-02   8.320000e-01   3.890000e-02  -2.670000e-03   8.899900e-05
   9 4.9303806576e-32   0.00e+00  2.33e-01    8.320000e-01   3.890000e-02  -2.673333e-03   8.900000e-05  -1.266667e-06

After 9 iterations the fit converged.
final sum of squares of residuals : 4.93038e-32
abs. change during last iteration : 0


Exactly as many data points as there are parameters.
In this degenerate case, all errors are zero by definition.

Final set of parameters 
======================= 

a0              = 0.832          
a1              = 0.0389         
a2              = -0.00267333    
a3              = 8.9e-05        
a4              = -1.26667e-06   


*******************************************************************************
Thu Mar 26 16:21:34 2020


FIT:    data read from file using 2:8
        format = x:z
        #datapoints = 5
        residuals are weighted equally (unit weight)

function used for fitting: fa(x)
	fa(x) = a0 + a1*x + a2*x**2 + a3*x**3
fitted parameters initialized with current variable values

iter      chisq       delta/lim  lambda   a0            a1            a2            a3           
   0 1.3259478777e+01   0.00e+00  2.09e+00    8.320000e-01   3.890000e-02  -2.673333e-03   8.900000e-05
   7 1.5755572534e-05  -7.13e-04  2.09e-07    1.608917e+00  -1.359498e-01   5.462072e-03  -6.748993e-05

After 7 iterations the fit converged.
final sum of squares of residuals : 1.57556e-05
rel. change during last iteration : -7.12793e-09

degrees of freedom    (FIT_NDF)                        : 1
rms of residuals      (FIT_STDFIT) = sqrt(WSSR/ndf)    : 0.00396933
variance of residuals (reduced chisquare) = WSSR/ndf   : 1.57556e-05

Final set of parameters            Asymptotic Standard Error
=======================            ==========================
a0              = 1.60892          +/- 2.072        (128.8%)
a1              = -0.13595         +/- 0.2006       (147.6%)
a2              = 0.00546207       +/- 0.006422     (117.6%)
a3              = -6.74899e-05     +/- 6.798e-05    (100.7%)

correlation matrix of the fit parameters:
                a0     a1     a2     a3     
a0              1.000 
a1             -1.000  1.000 
a2              0.999 -1.000  1.000 
a3             -0.998  0.999 -1.000  1.000 


*******************************************************************************
Thu Mar 26 16:21:34 2020


FIT:    data read from file using 1:9
        format = x:z
        #datapoints = 5
        residuals are weighted equally (unit weight)

function used for fitting: fa(x)
	fa(x) = a0 + a1*x + a2*x**2 + a3*x**3
fitted parameters initialized with current variable values

iter      chisq       delta/lim  lambda   a0            a1            a2            a3           
   0 2.7188455998e+01   0.00e+00  1.90e+00    1.608917e+00  -1.359498e-01   5.462072e-03  -6.748993e-05
   5 3.0075187970e-04  -2.68e-03  1.90e-05    3.103759e+00   2.494987e-02  -1.823308e-03   4.035088e-05

After 5 iterations the fit converged.
final sum of squares of residuals : 0.000300752
rel. change during last iteration : -2.68489e-08

degrees of freedom    (FIT_NDF)                        : 1
rms of residuals      (FIT_STDFIT) = sqrt(WSSR/ndf)    : 0.0173422
variance of residuals (reduced chisquare) = WSSR/ndf   : 0.000300752

Final set of parameters            Asymptotic Standard Error
=======================            ==========================
a0              = 3.10376          +/- 0.01693      (0.5455%)
a1              = 0.0249499        +/- 0.005788     (23.2%)
a2              = -0.00182331      +/- 0.0004913    (26.94%)
a3              = 4.03509e-05      +/- 1.086e-05    (26.9%)

correlation matrix of the fit parameters:
                a0     a1     a2     a3     
a0              1.000 
a1             -0.689  1.000 
a2              0.508 -0.949  1.000 
a3             -0.416  0.883 -0.984  1.000 


*******************************************************************************
Thu Mar 26 16:21:35 2020


FIT:    data read from file using 1:10
        format = x:z
        #datapoints = 5
        residuals are weighted equally (unit weight)

function used for fitting: fa(x)
	fa(x) = a0 + a1*x + a2*x**2 + a3*x**3
fitted parameters initialized with current variable values

iter      chisq       delta/lim  lambda   a0            a1            a2            a3           
   0 1.8692481203e+00   0.00e+00  1.64e+00    3.103759e+00   2.494987e-02  -1.823308e-03   4.035088e-05
   6 1.6917293233e-04   0.00e+00  1.64e+02    2.797180e+00  -1.079574e-02   3.242481e-03  -1.219298e-04

After 6 iterations the fit converged.
final sum of squares of residuals : 0.000169173
rel. change during last iteration : 0

degrees of freedom    (FIT_NDF)                        : 1
rms of residuals      (FIT_STDFIT) = sqrt(WSSR/ndf)    : 0.0130066
variance of residuals (reduced chisquare) = WSSR/ndf   : 0.000169173

Final set of parameters            Asymptotic Standard Error
=======================            ==========================
a0              = 2.79718          +/- 0.0127       (0.4539%)
a1              = -0.0107957       +/- 0.004341     (40.21%)
a2              = 0.00324248       +/- 0.0003684    (11.36%)
a3              = -0.00012193      +/- 8.142e-06    (6.677%)

correlation matrix of the fit parameters:
                a0     a1     a2     a3     
a0              1.000 
a1             -0.689  1.000 
a2              0.508 -0.949  1.000 
a3             -0.416  0.883 -0.984  1.000 


*******************************************************************************
Thu Mar 26 16:21:35 2020


FIT:    data read from file using 1:11
        format = x:z
        #datapoints = 5
        residuals are weighted equally (unit weight)

function used for fitting: fa(x)
	fa(x) = a0 - a1*x + a2/(x+a3)
fitted parameters initialized with current variable values

iter      chisq       delta/lim  lambda   a0            a1            a2            a3           
   0 5.0400296398e+04   0.00e+00  8.52e+00    2.797180e+00  -1.079574e-02   3.242481e-03  -1.219298e-04
 234 1.0868636246e-01  -4.21e-04  8.52e-07    7.737037e+01   4.892819e-01   6.234508e+02   1.632097e+01

After 234 iterations the fit converged.
final sum of squares of residuals : 0.108686
rel. change during last iteration : -4.21304e-09

degrees of freedom    (FIT_NDF)                        : 1
rms of residuals      (FIT_STDFIT) = sqrt(WSSR/ndf)    : 0.329676
variance of residuals (reduced chisquare) = WSSR/ndf   : 0.108686

Final set of parameters            Asymptotic Standard Error
=======================            ==========================
a0              = 77.3704          +/- 13.16        (17.01%)
a1              = 0.489282         +/- 0.1893       (38.68%)
a2              = 623.451          +/- 431.8        (69.26%)
a3              = 16.321           +/- 5.753        (35.25%)

correlation matrix of the fit parameters:
                a0     a1     a2     a3     
a0              1.000 
a1              0.994  1.000 
a2             -0.998 -0.985  1.000 
a3             -0.989 -0.969  0.997  1.000 


*******************************************************************************
Thu Mar 26 16:21:35 2020


FIT:    data read from file using 1:12
        format = x:z
        #datapoints = 5
        residuals are weighted equally (unit weight)

function used for fitting: fa(x)
	fa(x) = a0 - a1*x + a2/(x+a3)
fitted parameters initialized with current variable values

iter      chisq       delta/lim  lambda   a0            a1            a2            a3           
   0 2.6752709952e+04   0.00e+00  4.24e+01    7.737037e+01   4.892819e-01   6.234508e+02   1.632097e+01
 472 2.5243548967e-29   0.00e+00  4.24e-09    2.231250e+01  -3.750000e-01  -3.609375e+01   7.500000e+00

After 472 iterations the fit converged.
final sum of squares of residuals : 2.52435e-29
rel. change during last iteration : 0

degrees of freedom    (FIT_NDF)                        : 1
rms of residuals      (FIT_STDFIT) = sqrt(WSSR/ndf)    : 5.0243e-15
variance of residuals (reduced chisquare) = WSSR/ndf   : 2.52435e-29

Final set of parameters            Asymptotic Standard Error
=======================            ==========================
a0              = 22.3125          +/- 7.132e-14    (3.196e-13%)
a1              = -0.375           +/- 1.448e-15    (3.861e-13%)
a2              = -36.0937         +/- 1.306e-12    (3.618e-12%)
a3              = 7.5              +/- 1.631e-13    (2.174e-12%)

correlation matrix of the fit parameters:
                a0     a1     a2     a3     
a0              1.000 
a1              0.989  1.000 
a2             -0.994 -0.970  1.000 
a3              0.978  0.945 -0.995  1.000 
